2025-03-31T13:32:19+00:00 ERROR Error getting data feed
2025-03-31T13:32:19+00:00 ERROR WP_Error Object
(
    [errors] => Array
        (
            [http_request_failed] => Array
                (
                    [0] => cURL error 28: Connection timed out after 5013 milliseconds
                )

        )

    [error_data] => Array
        (
        )

    [additional_data:protected] => Array
        (
        )

)

2025-03-31T13:32:20+00:00 ERROR Error getting data feed
2025-03-31T13:32:20+00:00 ERROR WP_Error Object
(
    [errors] => Array
        (
            [http_request_failed] => Array
                (
                    [0] => cURL error 28: Operation timed out after 5006 milliseconds with 0 bytes received
                )

        )

    [error_data] => Array
        (
        )

    [additional_data:protected] => Array
        (
        )

)

